<?xml version="1.0" encoding="UTF-8"?>
<testng-results skipped="0" failed="0" ignored="0" total="1" passed="1">
  <reporter-output>
  </reporter-output>
  <suite name="Default suite" duration-ms="13170" started-at="2022-04-22T08:00:56Z" finished-at="2022-04-22T08:01:09Z">
    <groups>
    </groups>
    <test name="Default test" duration-ms="13170" started-at="2022-04-22T08:00:56Z" finished-at="2022-04-22T08:01:09Z">
      <class name="RmgYantraTestWithFrameWork.CreateProjectAndVerifyIndatabase">
        <test-method status="PASS" signature="bsConfig()[pri:0, instance:RmgYantraTestWithFrameWork.CreateProjectAndVerifyIndatabase@5cb9f472]" name="bsConfig" is-config="true" duration-ms="963" started-at="2022-04-22T08:00:55Z" finished-at="2022-04-22T08:00:56Z">
          <reporter-output>
          </reporter-output>
        </test-method> <!-- bsConfig -->
        <test-method status="PASS" signature="createProjectAndVerifyInDatabase()[pri:0, instance:RmgYantraTestWithFrameWork.CreateProjectAndVerifyIndatabase@5cb9f472]" name="createProjectAndVerifyInDatabase" duration-ms="13140" started-at="2022-04-22T08:00:56Z" finished-at="2022-04-22T08:01:09Z">
          <reporter-output>
          </reporter-output>
        </test-method> <!-- createProjectAndVerifyInDatabase -->
        <test-method status="PASS" signature="asConfg()[pri:0, instance:RmgYantraTestWithFrameWork.CreateProjectAndVerifyIndatabase@5cb9f472]" name="asConfg" is-config="true" duration-ms="15" started-at="2022-04-22T08:01:09Z" finished-at="2022-04-22T08:01:09Z">
          <reporter-output>
          </reporter-output>
        </test-method> <!-- asConfg -->
      </class> <!-- RmgYantraTestWithFrameWork.CreateProjectAndVerifyIndatabase -->
    </test> <!-- Default test -->
  </suite> <!-- Default suite -->
</testng-results>
